383 886 179
777 915 179
793 335 171
386 492 142
649 421 145
362 27 144
690 59 145
763 926 179
540 426 142
172 736 171
211 368 144
567 429 142
782 530 171
862 123 171
67 135 122
929 802 179
22 58 113
69 167 122
393 456 134
11 42 112
229 373 144
421 919 179
784 537 171
198 324 131
315 370 144
413 526 142
91 980 179
956 873 174
862 170 171
996 281 179
305 925 179
84 327 144
336 505 142
846 729 153
313 857 171
124 895 179
582 545 137
814 367 171
434 364 134
43 750 171
87 808 171
276 178 128
788 584 171
403 651 145
754 399 171
932 60 179
676 368 145
739 12 171
226 586 144
94 539 144
795 570 171
434 378 134
601 467 142
902 97 179
492 317 144
756 652 171
301 280 118
441 286 144
865 689 171
619 444 142
729 440 171
117 31 119
771 97 171
675 481 145
927 709 179
856 567 171
497 353 142
965 586 179
683 306 145
624 219 144
871 528 179
829 732 153
503 19 144
368 270 144
715 708 65
340 149 144
796 723 153
618 245 144
846 451 171
921 555 179
488 379 142
764 228 171
841 350 171
500 193 144
764 34 171
914 124 179
987 856 179
743 491 171
365 227 144
936 859 179
551 432 142
437 228 144
407 275 144
474 121 144
858 395 171
237 29 128
793 235 171
818 428 171
143 11 122
928 529 179
319776 323404 371
965443 256763 525
115613 855538 525
119606 437840 449
3904 345818 443
236128 671688 509
798369 68917 509
570917 467996 470
44324 988743 525
260470 513183 470
299490 296499 371
690772 207725 509
386644 756590 509
618505 269139 470
503954 470786 426
908669 339082 525
309542 389464 441
111197 940507 525
760355 229804 509
377348 279611 441
574622 128828 470
950299 888343 507
196746 36568 383
355340 756422 509
24311 614810 470
268605 322801 407
426661 474730 444
45878 812305 509
230320 179736 386
80444 249626 443
649522 504465 509
587708 474416 470
409282 214258 443
413924 168637 449
443062 306624 449
963600 533036 525
434452 912899 525
420379 146550 449
948468 291071 525
901973 488131 525
904881 685930 525
809933 846894 525
159660 371163 443
658199 388981 509
549899 253996 470
153959 714773 509
273813 740668 509
188190 682095 509
953926 117466 525
366084 912340 525
90 827684 509
376 355542 443
936 879107 525
445 719756 509
179 918418 525
887 589412 470
348 532172 470
659 762009 509
336 125210 354
342 967587 525
206 819301 509
713 167372 383
321 901255 525
819 544599 470
721 729904 509
939 439811 449
940 415667 449
705 846228 525
127 329150 443
984 496658 449
920 289224 443
422 367269 443
396 554081 470
630 240084 443
292 311972 443
672 573850 470
625 405385 443
222 239299 443
640 106042 351
898 840713 525
298 756190 509
524 442590 449
209 608581 470
819 999336 525
732 871155 525
994 718004 509
379 114769 354
273 481776 449
850 747255 509
860 848142 525
579 945884 525
993 723205 509
621 179567 383
504 190613 383
961 762754 509
326 654259 509
944 328202 443
202 223506 386
784 402021 443
842 890868 525
